<?xml version="1.0" encoding="UTF-8"?>
<!-- Generated by org.testng.reporters.JUnitXMLReporter -->
<testsuite hostname="MAVBCP139" ignored="0" name="Default test" tests="5" failures="0" timestamp="2020-07-02T16:32:14 IST" time="8.898" errors="0">
  <testcase name="add" time="0.012" classname="calculatorTest.Assertclass"/>
  <testcase name="div" time="0.003" classname="calculatorTest.Assertclass"/>
  <testcase name="exponent" time="0.004" classname="calculatorTest.Assertclass"/>
  <testcase name="mul" time="0.002" classname="calculatorTest.Assertclass"/>
  <testcase name="sub" time="0.003" classname="calculatorTest.Assertclass"/>
</testsuite> <!-- Default test -->
