<?xml version="1.0" encoding="UTF-8"?>
<!-- Generated by org.testng.reporters.JUnitXMLReporter -->
<testsuite hostname="MAVBCP139" ignored="0" name="Regression 1" tests="8" failures="0" timestamp="2020-07-02T11:03:51 IST" time="29.217" errors="0">
  <testcase name="testCaseOne" time="0.012" classname="calculatorTest.ParallelTest"/>
  <testcase name="testCaseTwo" time="0.003" classname="calculatorTest.ParallelTest"/>
  <testcase name="add" time="0.007" classname="calculatorTest.testing"/>
  <testcase name="mul" time="0.005" classname="calculatorTest.testing"/>
  <testcase name="myTest" time="0.001" classname="calculatorTest.testing"/>
  <testcase name="myTest" time="0.012" classname="calculatorTest.testing"/>
  <testcase name="setup" time="5.215" classname="calculatorTest.testing"/>
  <testcase name="sub" time="0.002" classname="calculatorTest.testing"/>
</testsuite> <!-- Regression 1 -->
